action: default, msg: getenv
cwd: C:\Users\harve\Dropbox\feature-eng
cmd: 'C:\Users\harve\Dropbox\feature-eng\.tox\default\Scripts\pip.EXE' install -U numpy pytest
Collecting numpy
  Downloading numpy-1.18.4-cp37-cp37m-win_amd64.whl (12.8 MB)
Collecting pytest
  Using cached pytest-5.4.1-py3-none-any.whl (246 kB)
Requirement already satisfied, skipping upgrade: more-itertools>=4.0.0 in c:\users\harve\miniconda3\envs\singularity\lib\site-packages (from pytest) (8.2.0)
Requirement already satisfied, skipping upgrade: importlib-metadata>=0.12; python_version < "3.8" in c:\users\harve\miniconda3\envs\singularity\lib\site-packages (from pytest) (1.5.0)
Requirement already satisfied, skipping upgrade: atomicwrites>=1.0; sys_platform == "win32" in c:\users\harve\miniconda3\envs\singularity\lib\site-packages (from pytest) (1.3.0)
Requirement already satisfied, skipping upgrade: packaging in c:\users\harve\miniconda3\envs\singularity\lib\site-packages (from pytest) (20.1)
Requirement already satisfied, skipping upgrade: attrs>=17.4.0 in c:\users\harve\miniconda3\envs\singularity\lib\site-packages (from pytest) (19.3.0)
Requirement already satisfied, skipping upgrade: colorama; sys_platform == "win32" in c:\users\harve\miniconda3\envs\singularity\lib\site-packages (from pytest) (0.4.3)
Requirement already satisfied, skipping upgrade: pluggy<1.0,>=0.12 in c:\users\harve\miniconda3\envs\singularity\lib\site-packages (from pytest) (0.13.1)
Requirement already satisfied, skipping upgrade: py>=1.5.0 in c:\users\harve\miniconda3\envs\singularity\lib\site-packages (from pytest) (1.8.1)
Requirement already satisfied, skipping upgrade: wcwidth in c:\users\harve\miniconda3\envs\singularity\lib\site-packages (from pytest) (0.1.8)
Requirement already satisfied, skipping upgrade: zipp>=0.5 in c:\users\harve\miniconda3\envs\singularity\lib\site-packages (from importlib-metadata>=0.12; python_version < "3.8"->pytest) (2.2.0)
Requirement already satisfied, skipping upgrade: pyparsing>=2.0.2 in c:\users\harve\miniconda3\envs\singularity\lib\site-packages (from packaging->pytest) (2.4.6)
Requirement already satisfied, skipping upgrade: six in c:\users\harve\miniconda3\envs\singularity\lib\site-packages (from packaging->pytest) (1.14.0)
Installing collected packages: numpy, pytest
  Attempting uninstall: numpy
    Found existing installation: numpy 1.18.1
    Not uninstalling numpy at c:\users\harve\miniconda3\envs\singularity\lib\site-packages, outside environment C:\Users\harve\Dropbox\feature-eng\.tox\default
    Can't uninstall 'numpy'. No files were found to uninstall.
  Attempting uninstall: pytest
    Found existing installation: pytest 5.3.5
    Not uninstalling pytest at c:\users\harve\miniconda3\envs\singularity\lib\site-packages, outside environment C:\Users\harve\Dropbox\feature-eng\.tox\default
    Can't uninstall 'pytest'. No files were found to uninstall.
Successfully installed numpy-1.18.4 pytest-5.4.1
WARNING: You are using pip version 20.0.2; however, version 20.1 is available.
You should consider upgrading via the 'C:\Users\harve\Dropbox\feature-eng\.tox\default\Scripts\python.exe -m pip install --upgrade pip' command.
